d:\git\gclient\gclientlib\debug\gclientlib.pch
d:\git\gclient\gclientlib\debug\vc120.pdb
d:\git\gclient\gclientlib\debug\stdafx.obj
d:\git\gclient\gclientlib\debug\toserversocket.obj
d:\git\gclient\gclientlib\debug\taggenerator.obj
d:\git\gclient\gclientlib\debug\sockettosocketcontainer.obj
d:\git\gclient\gclientlib\debug\sockettoobjectcontainer.obj
d:\git\gclient\gclientlib\debug\settingsreader.obj
d:\git\gclient\gclientlib\debug\serversocket.obj
d:\git\gclient\gclientlib\debug\outboundsocket.obj
d:\git\gclient\gclientlib\debug\json_api.obj
d:\git\gclient\gclientlib\debug\jsonapiserver.obj
d:\git\gclient\gclientlib\debug\jsonapiclient.obj
d:\git\gclient\gclientlib\debug\inboundsocket.obj
d:\git\gclient\gclientlib\debug\gnetsocket.obj
d:\git\gclient\gclientlib\debug\globals.obj
d:\git\gclient\gclientlib\debug\assemblyinfo.obj
d:\git\gclient\gclientlib\debug\.netframework,version=v4.0.assemblyattributes.obj
d:\git\gclient\debug\gclientlib.lib
d:\git\gclient\gclientlib\debug\gclientlib.tlog\cl.command.1.tlog
d:\git\gclient\gclientlib\debug\gclientlib.tlog\cl.read.1.tlog
d:\git\gclient\gclientlib\debug\gclientlib.tlog\cl.write.1.tlog
d:\git\gclient\gclientlib\debug\gclientlib.tlog\lib-link.read.1.tlog
d:\git\gclient\gclientlib\debug\gclientlib.tlog\lib-link.write.1.tlog
d:\git\gclient\gclientlib\debug\gclientlib.tlog\lib.command.1.tlog
d:\git\gclient\gclientlib\debug\gclientlib.tlog\metagen.read.1.tlog
d:\git\gclient\gclientlib\debug\gclientlib.tlog\metagen.write.1.tlog
d:\git\gclient\gclientlib\debug\gclientlib.tlog\tzres.dll.bi
