C:\DOCUMENTS AND SETTINGS\DEVELOPER\DESKTOP\GNET\CLIENT\DEBUG\.NETFRAMEWORK,VERSION=V4.0.ASSEMBLYATTRIBUTES.OBJ
C:\Documents and Settings\Developer\Desktop\gNet\Client\Debug\cl.command.1.tlog
C:\Documents and Settings\Developer\Desktop\gNet\Client\Debug\CL.read.1.tlog
C:\Documents and Settings\Developer\Desktop\gNet\Client\Debug\CL.write.1.tlog
C:\DOCUMENTS AND SETTINGS\DEVELOPER\DESKTOP\GNET\CLIENT\DEBUG\CLI.OBJ
C:\DOCUMENTS AND SETTINGS\DEVELOPER\DESKTOP\GNET\CLIENT\DEBUG\CLIENT.EXE.INTERMEDIATE.MANIFEST
C:\DOCUMENTS AND SETTINGS\DEVELOPER\DESKTOP\GNET\CLIENT\DEBUG\CLIENT.OBJ
C:\DOCUMENTS AND SETTINGS\DEVELOPER\DESKTOP\GNET\CLIENT\DEBUG\CLIENT.PCH
C:\DOCUMENTS AND SETTINGS\DEVELOPER\DESKTOP\GNET\CLIENT\DEBUG\GLOBALS.OBJ
C:\DOCUMENTS AND SETTINGS\DEVELOPER\DESKTOP\GNET\CLIENT\DEBUG\GNETSOCKET.OBJ
C:\DOCUMENTS AND SETTINGS\DEVELOPER\DESKTOP\GNET\CLIENT\DEBUG\INBOUNDSOCKET.OBJ
C:\Documents and Settings\Developer\Desktop\gNet\Client\Debug\link.4076.read.1.tlog
C:\Documents and Settings\Developer\Desktop\gNet\Client\Debug\link.4076.write.1.tlog
C:\Documents and Settings\Developer\Desktop\gNet\Client\Debug\link.552.read.1.tlog
C:\Documents and Settings\Developer\Desktop\gNet\Client\Debug\link.552.write.1.tlog
C:\Documents and Settings\Developer\Desktop\gNet\Client\Debug\link.command.1.tlog
C:\Documents and Settings\Developer\Desktop\gNet\Client\Debug\link.read.1.tlog
C:\Documents and Settings\Developer\Desktop\gNet\Client\Debug\link.write.1.tlog
C:\Documents and Settings\Developer\Desktop\gNet\Client\Debug\mt.command.1.tlog
C:\Documents and Settings\Developer\Desktop\gNet\Client\Debug\mt.read.1.tlog
C:\Documents and Settings\Developer\Desktop\gNet\Client\Debug\mt.write.1.tlog
C:\DOCUMENTS AND SETTINGS\DEVELOPER\DESKTOP\GNET\CLIENT\DEBUG\OUTBOUNDSOCKET.OBJ
C:\DOCUMENTS AND SETTINGS\DEVELOPER\DESKTOP\GNET\CLIENT\DEBUG\SERVERSOCKET.OBJ
C:\DOCUMENTS AND SETTINGS\DEVELOPER\DESKTOP\GNET\CLIENT\DEBUG\SETTINGSREADER.OBJ
C:\DOCUMENTS AND SETTINGS\DEVELOPER\DESKTOP\GNET\CLIENT\DEBUG\SOCKETTOOBJECTCONTAINER.OBJ
C:\DOCUMENTS AND SETTINGS\DEVELOPER\DESKTOP\GNET\CLIENT\DEBUG\STDAFX.OBJ
C:\DOCUMENTS AND SETTINGS\DEVELOPER\DESKTOP\GNET\CLIENT\DEBUG\TAGGENERATOR.OBJ
C:\DOCUMENTS AND SETTINGS\DEVELOPER\DESKTOP\GNET\CLIENT\DEBUG\TOSERVERSOCKET.OBJ
C:\DOCUMENTS AND SETTINGS\DEVELOPER\DESKTOP\GNET\CLIENT\DEBUG\VC100.PDB
C:\DOCUMENTS AND SETTINGS\DEVELOPER\DESKTOP\GNET\DEBUG\CLIENT.EXE
C:\DOCUMENTS AND SETTINGS\DEVELOPER\DESKTOP\GNET\DEBUG\CLIENT.ILK
C:\DOCUMENTS AND SETTINGS\DEVELOPER\DESKTOP\GNET\DEBUG\CLIENT.PDB
