Build started 2015-12-25 00:35:32.
     1>Project "D:\git\GClient\Client\Client.vcxproj" on node 2 (Rebuild target(s)).
     1>ClCompile:
         C:\Program Files (x86)\Microsoft Visual Studio 12.0\VC\bin\CL.exe /c /AI"C:\Program Files (x86)\Reference Assemblies\Microsoft\Framework\.NETFramework\v4.0" /AI"C:\Program Files (x86)\Windows Kits\8.1\References\CommonConfiguration\Neutral" /Zi /clr /nologo /W3 /WX- /sdl /Od /Oy- /D WIN32 /D _DEBUG /D _CONSOLE /D _LIB /D _CRT_SECURE_NO_WARNINGS /D _UNICODE /D UNICODE /EHa /MDd /GS /fp:precise /Zc:wchar_t /Zc:forScope /Yc"stdafx.h" /Fp"Debug\Client.pch" /Fo"Debug\\" /Fd"Debug\vc120.pdb" /TP /FU"C:\Program Files (x86)\Reference Assemblies\Microsoft\Framework\.NETFramework\v4.0\mscorlib.dll" /analyze- /errorReport:prompt /clr:nostdlib stdafx.cpp
         stdafx.cpp
         C:\Program Files (x86)\Microsoft Visual Studio 12.0\VC\bin\CL.exe /c /AI"C:\Program Files (x86)\Reference Assemblies\Microsoft\Framework\.NETFramework\v4.0" /AI"C:\Program Files (x86)\Windows Kits\8.1\References\CommonConfiguration\Neutral" /Zi /clr /nologo /W3 /WX- /sdl /Od /Oy- /D WIN32 /D _DEBUG /D _CONSOLE /D _LIB /D _CRT_SECURE_NO_WARNINGS /D _UNICODE /D UNICODE /EHa /MDd /GS /fp:precise /Zc:wchar_t /Zc:forScope /Yu"stdafx.h" /Fp"Debug\Client.pch" /Fo"Debug\\" /Fd"Debug\vc120.pdb" /TP /FU"C:\Program Files (x86)\Reference Assemblies\Microsoft\Framework\.NETFramework\v4.0\mscorlib.dll" /analyze- /errorReport:prompt /clr:nostdlib CLI.cpp Client.cpp Globals.cpp gNetSocket.cpp InboundSocket.cpp JSONapiClient.cpp JSONapiServer.cpp JSON_API.cpp OutboundSocket.cpp ServerSocket.cpp SettingsReader.cpp SocketToObjectContainer.cpp SocketToSocketContainer.cpp TagGenerator.cpp ToServerSocket.cpp
         CLI.cpp
         Client.cpp
     1>Client.cpp(110): warning C4101: 'e' : unreferenced local variable
         Globals.cpp
         gNetSocket.cpp
         InboundSocket.cpp
         JSONapiClient.cpp
         JSONapiServer.cpp
         JSON_API.cpp
         OutboundSocket.cpp
         ServerSocket.cpp
         SettingsReader.cpp
         SocketToObjectContainer.cpp
         SocketToSocketContainer.cpp
         TagGenerator.cpp
         ToServerSocket.cpp
         Generating Code...
     1>d:\git\gclient\client\gnetsocket.cpp(179): warning C4715: 'gNetSocket::Send' : not all control paths return a value
         C:\Program Files (x86)\Microsoft Visual Studio 12.0\VC\bin\CL.exe /c /Zi /clr /nologo /W3 /WX- /sdl /Od /Oy- /D WIN32 /D _DEBUG /D _CONSOLE /D _LIB /D _CRT_SECURE_NO_WARNINGS /D _UNICODE /D UNICODE /EHa /MDd /GS /fp:precise /Zc:wchar_t /Zc:forScope /Fo"Debug\\" /Fd"Debug\vc120.pdb" /TP /analyze- /errorReport:prompt "C:\Users\gedas\AppData\Local\Temp\.NETFramework,Version=v4.0.AssemblyAttributes.cpp"
         .NETFramework,Version=v4.0.AssemblyAttributes.cpp
       Link:
         C:\Program Files (x86)\Microsoft Visual Studio 12.0\VC\bin\link.exe /ERRORREPORT:PROMPT /OUT:"D:\git\GClient\Debug\Client.exe" /INCREMENTAL /NOLOGO kernel32.lib user32.lib gdi32.lib winspool.lib comdlg32.lib advapi32.lib shell32.lib ole32.lib oleaut32.lib uuid.lib odbc32.lib odbccp32.lib /MANIFEST /MANIFESTUAC:"level='asInvoker' uiAccess='false'" /manifest:embed /DEBUG /PDB:"D:\git\GClient\Debug\Client.pdb" /ASSEMBLYDEBUG /SUBSYSTEM:CONSOLE /TLBID:1 /DYNAMICBASE /FIXED:NO /NXCOMPAT /MACHINE:X86 Debug\CLI.obj
         Debug\Client.obj
         Debug\Globals.obj
         Debug\gNetSocket.obj
         Debug\InboundSocket.obj
         Debug\JSONapiClient.obj
         Debug\JSONapiServer.obj
         Debug\JSON_API.obj
         Debug\OutboundSocket.obj
         Debug\ServerSocket.obj
         Debug\SettingsReader.obj
         Debug\SocketToObjectContainer.obj
         Debug\SocketToSocketContainer.obj
         Debug\stdafx.obj
         Debug\TagGenerator.obj
         Debug\ToServerSocket.obj
         "Debug\.NETFramework,Version=v4.0.AssemblyAttributes.obj"
         Client.vcxproj -> D:\git\GClient\Debug\Client.exe
     1>Done Building Project "D:\git\GClient\Client\Client.vcxproj" (Rebuild target(s)).

Build succeeded.

Time Elapsed 00:00:04.34
