d:\downloads\brucec-sctpdrv-ba3248cda98d\sp\sctpsp\debug\sctpsp.obj
d:\downloads\brucec-sctpdrv-ba3248cda98d\sp\sctpsp\debug\sctp_sys_calls.obj
d:\downloads\brucec-sctpdrv-ba3248cda98d\sp\sctpsp\debug\vc100.pdb
d:\git\gclient\win32\debug\sctpsp.ilk
d:\git\gclient\win32\debug\sctpsp.dll
d:\downloads\brucec-sctpdrv-ba3248cda98d\sp\sctpsp\debug\sctpsp.dll.intermediate.manifest
d:\git\gclient\win32\debug\sctpsp.pdb
d:\downloads\brucec-sctpdrv-ba3248cda98d\sp\sctpsp\debug\sctpsp.dll.embed.manifest
d:\downloads\brucec-sctpdrv-ba3248cda98d\sp\sctpsp\debug\sctpsp.res
d:\downloads\brucec-sctpdrv-ba3248cda98d\sp\sctpsp\debug\sctpsp.dll.embed.manifest.res
d:\git\gclient\win32\debug\sctpsp.lib
d:\git\gclient\win32\debug\sctpsp.exp
d:\downloads\brucec-sctpdrv-ba3248cda98d\sp\sctpsp\debug\vc120.pdb
d:\downloads\brucec-sctpdrv-ba3248cda98d\sp\sctpsp\debug\vc120.idb
d:\downloads\brucec-sctpdrv-ba3248cda98d\sp\sctpsp\debug\cl.command.1.tlog
d:\downloads\brucec-sctpdrv-ba3248cda98d\sp\sctpsp\debug\cl.read.1.tlog
d:\downloads\brucec-sctpdrv-ba3248cda98d\sp\sctpsp\debug\cl.write.1.tlog
d:\downloads\brucec-sctpdrv-ba3248cda98d\sp\sctpsp\debug\link-cvtres.read.1.tlog
d:\downloads\brucec-sctpdrv-ba3248cda98d\sp\sctpsp\debug\link-cvtres.write.1.tlog
d:\downloads\brucec-sctpdrv-ba3248cda98d\sp\sctpsp\debug\link.9648-cvtres.read.1.tlog
d:\downloads\brucec-sctpdrv-ba3248cda98d\sp\sctpsp\debug\link.9648-cvtres.write.1.tlog
d:\downloads\brucec-sctpdrv-ba3248cda98d\sp\sctpsp\debug\link.9648.read.1.tlog
d:\downloads\brucec-sctpdrv-ba3248cda98d\sp\sctpsp\debug\link.9648.write.1.tlog
d:\downloads\brucec-sctpdrv-ba3248cda98d\sp\sctpsp\debug\link.command.1.tlog
d:\downloads\brucec-sctpdrv-ba3248cda98d\sp\sctpsp\debug\link.read.1.tlog
d:\downloads\brucec-sctpdrv-ba3248cda98d\sp\sctpsp\debug\link.write.1.tlog
d:\downloads\brucec-sctpdrv-ba3248cda98d\sp\sctpsp\debug\mt.command.1.tlog
d:\downloads\brucec-sctpdrv-ba3248cda98d\sp\sctpsp\debug\mt.read.1.tlog
d:\downloads\brucec-sctpdrv-ba3248cda98d\sp\sctpsp\debug\mt.write.1.tlog
d:\downloads\brucec-sctpdrv-ba3248cda98d\sp\sctpsp\debug\rc.command.1.tlog
d:\downloads\brucec-sctpdrv-ba3248cda98d\sp\sctpsp\debug\rc.read.1.tlog
d:\downloads\brucec-sctpdrv-ba3248cda98d\sp\sctpsp\debug\rc.write.1.tlog
d:\downloads\brucec-sctpdrv-ba3248cda98d\sp\sctpsp\debug\sctpsp.write.1.tlog
d:\downloads\brucec-sctpdrv-ba3248cda98d\sp\sctpsp\debug\vc100.idb
d:\downloads\brucec-sctpdrv-ba3248cda98d\sp\sctpsp\debug\sctpsp_manifest.rc
d:\downloads\brucec-sctpdrv-ba3248cda98d\sp\sctpsp\debug\sctpsp.tlog\cl.command.1.tlog
d:\downloads\brucec-sctpdrv-ba3248cda98d\sp\sctpsp\debug\sctpsp.tlog\cl.read.1.tlog
d:\downloads\brucec-sctpdrv-ba3248cda98d\sp\sctpsp\debug\sctpsp.tlog\cl.write.1.tlog
d:\downloads\brucec-sctpdrv-ba3248cda98d\sp\sctpsp\debug\sctpsp.tlog\link-cvtres.read.1.tlog
d:\downloads\brucec-sctpdrv-ba3248cda98d\sp\sctpsp\debug\sctpsp.tlog\link-cvtres.write.1.tlog
d:\downloads\brucec-sctpdrv-ba3248cda98d\sp\sctpsp\debug\sctpsp.tlog\link-rc.read.1.tlog
d:\downloads\brucec-sctpdrv-ba3248cda98d\sp\sctpsp\debug\sctpsp.tlog\link-rc.write.1.tlog
d:\downloads\brucec-sctpdrv-ba3248cda98d\sp\sctpsp\debug\sctpsp.tlog\link.command.1.tlog
d:\downloads\brucec-sctpdrv-ba3248cda98d\sp\sctpsp\debug\sctpsp.tlog\link.read.1.tlog
d:\downloads\brucec-sctpdrv-ba3248cda98d\sp\sctpsp\debug\sctpsp.tlog\link.write.1.tlog
d:\downloads\brucec-sctpdrv-ba3248cda98d\sp\sctpsp\debug\sctpsp.tlog\rc.command.1.tlog
d:\downloads\brucec-sctpdrv-ba3248cda98d\sp\sctpsp\debug\sctpsp.tlog\rc.read.1.tlog
d:\downloads\brucec-sctpdrv-ba3248cda98d\sp\sctpsp\debug\sctpsp.tlog\rc.write.1.tlog
