C:\DOCUMENTS AND SETTINGS\DEVELOPER\DESKTOP\GNET\CLIENT\RELEASE\.NETFRAMEWORK,VERSION=V4.0.ASSEMBLYATTRIBUTES.OBJ
C:\Documents and Settings\Developer\Desktop\gNet\Client\Release\cl.command.1.tlog
C:\Documents and Settings\Developer\Desktop\gNet\Client\Release\CL.read.1.tlog
C:\Documents and Settings\Developer\Desktop\gNet\Client\Release\CL.write.1.tlog
C:\DOCUMENTS AND SETTINGS\DEVELOPER\DESKTOP\GNET\CLIENT\RELEASE\CLI.OBJ
C:\DOCUMENTS AND SETTINGS\DEVELOPER\DESKTOP\GNET\CLIENT\RELEASE\CLIENT.EXE.INTERMEDIATE.MANIFEST
C:\DOCUMENTS AND SETTINGS\DEVELOPER\DESKTOP\GNET\CLIENT\RELEASE\CLIENT.OBJ
C:\DOCUMENTS AND SETTINGS\DEVELOPER\DESKTOP\GNET\CLIENT\RELEASE\CLIENT.PCH
C:\DOCUMENTS AND SETTINGS\DEVELOPER\DESKTOP\GNET\CLIENT\RELEASE\GLOBALS.OBJ
C:\DOCUMENTS AND SETTINGS\DEVELOPER\DESKTOP\GNET\CLIENT\RELEASE\GNETSOCKET.OBJ
C:\DOCUMENTS AND SETTINGS\DEVELOPER\DESKTOP\GNET\CLIENT\RELEASE\INBOUNDSOCKET.OBJ
C:\Documents and Settings\Developer\Desktop\gNet\Client\Release\link.command.1.tlog
C:\Documents and Settings\Developer\Desktop\gNet\Client\Release\link.read.1.tlog
C:\Documents and Settings\Developer\Desktop\gNet\Client\Release\link.write.1.tlog
C:\Documents and Settings\Developer\Desktop\gNet\Client\Release\mt.command.1.tlog
C:\Documents and Settings\Developer\Desktop\gNet\Client\Release\mt.read.1.tlog
C:\Documents and Settings\Developer\Desktop\gNet\Client\Release\mt.write.1.tlog
C:\DOCUMENTS AND SETTINGS\DEVELOPER\DESKTOP\GNET\CLIENT\RELEASE\OUTBOUNDSOCKET.OBJ
C:\DOCUMENTS AND SETTINGS\DEVELOPER\DESKTOP\GNET\CLIENT\RELEASE\SERVERSOCKET.OBJ
C:\DOCUMENTS AND SETTINGS\DEVELOPER\DESKTOP\GNET\CLIENT\RELEASE\SETTINGSREADER.OBJ
C:\DOCUMENTS AND SETTINGS\DEVELOPER\DESKTOP\GNET\CLIENT\RELEASE\SOCKETTOOBJECTCONTAINER.OBJ
C:\DOCUMENTS AND SETTINGS\DEVELOPER\DESKTOP\GNET\CLIENT\RELEASE\STDAFX.OBJ
C:\DOCUMENTS AND SETTINGS\DEVELOPER\DESKTOP\GNET\CLIENT\RELEASE\TAGGENERATOR.OBJ
C:\DOCUMENTS AND SETTINGS\DEVELOPER\DESKTOP\GNET\CLIENT\RELEASE\TOSERVERSOCKET.OBJ
C:\DOCUMENTS AND SETTINGS\DEVELOPER\DESKTOP\GNET\CLIENT\RELEASE\VC100.PDB
C:\DOCUMENTS AND SETTINGS\DEVELOPER\DESKTOP\GNET\RELEASE\CLIENT.EXE
C:\DOCUMENTS AND SETTINGS\DEVELOPER\DESKTOP\GNET\RELEASE\CLIENT.PDB
